127.0.0.1 - - [24/Jul/2016:21:21:28 +0800] "GET /download/items/ HTTP/1.1" 200 129
0:0:0:0:0:0:0:1 - - [24/Jul/2016:21:23:11 +0800] "GET /WORD%E7%89%882016%E5%8F%B8%E8%80%83%E8%BE%85%E5%AF%BC%E7%94%A8%E4%B9%A61.doc HTTP/1.1" 200 3205120
0:0:0:0:0:0:0:1 - - [24/Jul/2016:21:23:26 +0800] "GET / HTTP/1.1" 200 3230
0:0:0:0:0:0:0:1 - - [24/Jul/2016:21:23:27 +0800] "GET /styles/sb-admin-2.css HTTP/1.1" 200 5726
0:0:0:0:0:0:0:1 - - [24/Jul/2016:21:23:27 +0800] "GET /bower_components/bootstrap/dist/css/bootstrap.min.css HTTP/1.1" 200 121260
0:0:0:0:0:0:0:1 - - [24/Jul/2016:21:23:27 +0800] "GET /bower_components/metisMenu/dist/metisMenu.min.css HTTP/1.1" 200 781
0:0:0:0:0:0:0:1 - - [24/Jul/2016:21:23:27 +0800] "GET /styles/main.css HTTP/1.1" 200 1792
0:0:0:0:0:0:0:1 - - [24/Jul/2016:21:23:27 +0800] "GET /bower_components/angular-loading-bar/build/loading-bar.min.css HTTP/1.1" 200 2458
0:0:0:0:0:0:0:1 - - [24/Jul/2016:21:23:27 +0800] "GET /styles/timeline.css HTTP/1.1" 200 3423
0:0:0:0:0:0:0:1 - - [24/Jul/2016:21:23:27 +0800] "GET /bower_components/font-awesome/css/font-awesome.min.css HTTP/1.1" 200 23739
0:0:0:0:0:0:0:1 - - [24/Jul/2016:21:23:27 +0800] "GET /bower_components/angular-ui-grid/ui-grid.min.css HTTP/1.1" 200 38992
0:0:0:0:0:0:0:1 - - [24/Jul/2016:21:23:27 +0800] "GET /bower_components/angular-sanitize/angular-sanitize.min.js HTTP/1.1" 200 4295
0:0:0:0:0:0:0:1 - - [24/Jul/2016:21:23:27 +0800] "GET /bower_components/angular-ui-select/dist/select.min.css HTTP/1.1" 200 4429
0:0:0:0:0:0:0:1 - - [24/Jul/2016:21:23:27 +0800] "GET /bower_components/angular/angular.min.js HTTP/1.1" 200 151093
0:0:0:0:0:0:0:1 - - [24/Jul/2016:21:23:27 +0800] "GET /bower_components/jquery/dist/jquery.min.js HTTP/1.1" 200 85578
0:0:0:0:0:0:0:1 - - [24/Jul/2016:21:23:27 +0800] "GET /bower_components/angular-ui-grid/ui-grid.min.js HTTP/1.1" 200 304197
0:0:0:0:0:0:0:1 - - [24/Jul/2016:21:23:27 +0800] "GET /bower_components/bootstrap/dist/js/bootstrap.min.js HTTP/1.1" 200 36868
0:0:0:0:0:0:0:1 - - [24/Jul/2016:21:23:27 +0800] "GET /bower_components/angular-ui-select/dist/select.min.js HTTP/1.1" 200 40628
0:0:0:0:0:0:0:1 - - [24/Jul/2016:21:23:27 +0800] "GET /bower_components/json3/lib/json3.min.js HTTP/1.1" 200 8145
0:0:0:0:0:0:0:1 - - [24/Jul/2016:21:23:27 +0800] "GET /bower_components/angular-ui-router/release/angular-ui-router.min.js HTTP/1.1" 200 32440
0:0:0:0:0:0:0:1 - - [24/Jul/2016:21:23:27 +0800] "GET /bower_components/metisMenu/dist/metisMenu.min.js HTTP/1.1" 200 1879
0:0:0:0:0:0:0:1 - - [24/Jul/2016:21:23:27 +0800] "GET /bower_components/oclazyload/dist/ocLazyLoad.min.js HTTP/1.1" 200 11582
0:0:0:0:0:0:0:1 - - [24/Jul/2016:21:23:27 +0800] "GET /bower_components/angular-loading-bar/build/loading-bar.min.js HTTP/1.1" 200 3323
0:0:0:0:0:0:0:1 - - [24/Jul/2016:21:23:27 +0800] "GET /bower_components/angular-bootstrap/ui-bootstrap-tpls.min.js HTTP/1.1" 200 121209
0:0:0:0:0:0:0:1 - - [24/Jul/2016:21:23:27 +0800] "GET /bower_components/Chart.js/Chart.min.js HTTP/1.1" 200 52091
0:0:0:0:0:0:0:1 - - [24/Jul/2016:21:23:27 +0800] "GET /scripts/app.js HTTP/1.1" 200 5909
0:0:0:0:0:0:0:1 - - [24/Jul/2016:21:23:27 +0800] "GET /js/sb-admin-2.js HTTP/1.1" 200 1181
0:0:0:0:0:0:0:1 - - [24/Jul/2016:21:23:27 +0800] "GET /scripts/directives/sidebar/sidebar.js HTTP/1.1" 200 914
0:0:0:0:0:0:0:1 - - [24/Jul/2016:21:23:27 +0800] "GET /scripts/directives/sidebar/sidebar-search/sidebar-search.js HTTP/1.1" 200 454
0:0:0:0:0:0:0:1 - - [24/Jul/2016:21:23:27 +0800] "GET /scripts/directives/header/header-notification/header-notification.js HTTP/1.1" 200 366
0:0:0:0:0:0:0:1 - - [24/Jul/2016:21:23:27 +0800] "GET /bower_components/angular-toggle-switch/angular-toggle-switch.min.js HTTP/1.1" 200 1607
0:0:0:0:0:0:0:1 - - [24/Jul/2016:21:23:27 +0800] "GET /scripts/directives/header/header.js HTTP/1.1" 200 321
0:0:0:0:0:0:0:1 - - [24/Jul/2016:21:23:27 +0800] "GET /bower_components/angular-toggle-switch/angular-toggle-switch.css HTTP/1.1" 200 1310
0:0:0:0:0:0:0:1 - - [24/Jul/2016:21:23:27 +0800] "GET /scripts/directives/timeline/timeline.js HTTP/1.1" 200 328
0:0:0:0:0:0:0:1 - - [24/Jul/2016:21:23:27 +0800] "GET /scripts/controllers/main.js HTTP/1.1" 200 233
0:0:0:0:0:0:0:1 - - [24/Jul/2016:21:23:27 +0800] "GET /scripts/directives/notifications/notifications.js HTTP/1.1" 200 342
0:0:0:0:0:0:0:1 - - [24/Jul/2016:21:23:27 +0800] "GET /scripts/directives/dashboard/stats/stats.js HTTP/1.1" 200 518
0:0:0:0:0:0:0:1 - - [24/Jul/2016:21:23:27 +0800] "GET /scripts/directives/chat/chat.js HTTP/1.1" 200 315
0:0:0:0:0:0:0:1 - - [24/Jul/2016:21:23:27 +0800] "GET /bower_components/angular-animate/angular-animate.js HTTP/1.1" 200 74520
0:0:0:0:0:0:0:1 - - [24/Jul/2016:21:23:27 +0800] "GET /views/dashboard/main.html HTTP/1.1" 200 370
0:0:0:0:0:0:0:1 - - [24/Jul/2016:21:23:28 +0800] "GET /views/dashboard/home.html HTTP/1.1" 200 1614
0:0:0:0:0:0:0:1 - - [24/Jul/2016:21:23:28 +0800] "GET /scripts/directives/dashboard/stats/stats.html HTTP/1.1" 200 777
0:0:0:0:0:0:0:1 - - [24/Jul/2016:21:23:28 +0800] "GET /scripts/directives/header/header.html HTTP/1.1" 200 658
0:0:0:0:0:0:0:1 - - [24/Jul/2016:21:23:28 +0800] "GET /scripts/directives/notifications/notifications.html HTTP/1.1" 200 2109
0:0:0:0:0:0:0:1 - - [24/Jul/2016:21:23:28 +0800] "GET /scripts/directives/chat/chat.html HTTP/1.1" 200 5131
0:0:0:0:0:0:0:1 - - [24/Jul/2016:21:23:28 +0800] "GET /scripts/directives/timeline/timeline.html HTTP/1.1" 200 5700
0:0:0:0:0:0:0:1 - - [24/Jul/2016:21:23:28 +0800] "GET /bower_components/font-awesome/fonts/fontawesome-webfont.woff2?v=4.3.0 HTTP/1.1" 200 56780
0:0:0:0:0:0:0:1 - - [24/Jul/2016:21:23:28 +0800] "GET /scripts/directives/header/header-notification/header-notification.html HTTP/1.1" 200 8529
0:0:0:0:0:0:0:1 - - [24/Jul/2016:21:23:28 +0800] "GET /scripts/directives/sidebar/sidebar.html HTTP/1.1" 200 4791
0:0:0:0:0:0:0:1 - - [24/Jul/2016:21:23:28 +0800] "GET /scripts/directives/sidebar/sidebar-search/sidebar-search.html HTTP/1.1" 200 347
0:0:0:0:0:0:0:1 - - [24/Jul/2016:21:23:28 +0800] "GET /download/items HTTP/1.1" 200 129
127.0.0.1 - - [24/Jul/2016:21:27:56 +0800] "GET /download/items/ HTTP/1.1" 200 129
127.0.0.1 - - [24/Jul/2016:21:28:05 +0800] "GET /download/items/ HTTP/1.1" 200 129
127.0.0.1 - - [24/Jul/2016:21:29:12 +0800] "GET /lib/appversion/ HTTP/1.1" 200 123
127.0.0.1 - - [24/Jul/2016:21:31:46 +0800] "GET /download/items/ HTTP/1.1" 200 129
127.0.0.1 - - [24/Jul/2016:21:37:52 +0800] "GET /download/items/ HTTP/1.1" 200 129
127.0.0.1 - - [24/Jul/2016:21:38:43 +0800] "GET /download/items/ HTTP/1.1" 200 129
127.0.0.1 - - [24/Jul/2016:21:39:45 +0800] "GET /download/items/ HTTP/1.1" 200 129
127.0.0.1 - - [24/Jul/2016:21:39:51 +0800] "GET /download/items/ HTTP/1.1" 200 129
127.0.0.1 - - [24/Jul/2016:22:40:56 +0800] "GET /download/items/ HTTP/1.1" 200 129
