0:0:0:0:0:0:0:1 - - [24/Nov/2016:20:16:45 +0800] "GET /swagger-ui.html HTTP/1.1" 200 4910
0:0:0:0:0:0:0:1 - - [24/Nov/2016:20:16:45 +0800] "GET /webjars/springfox-swagger-ui/css/typography.css HTTP/1.1" 200 1474
0:0:0:0:0:0:0:1 - - [24/Nov/2016:20:16:45 +0800] "GET /webjars/springfox-swagger-ui/css/screen.css HTTP/1.1" 200 43886
0:0:0:0:0:0:0:1 - - [24/Nov/2016:20:16:45 +0800] "GET /webjars/springfox-swagger-ui/css/reset.css HTTP/1.1" 200 1066
0:0:0:0:0:0:0:1 - - [24/Nov/2016:20:16:45 +0800] "GET /webjars/springfox-swagger-ui/lib/jquery-1.8.0.min.js HTTP/1.1" 200 92555
0:0:0:0:0:0:0:1 - - [24/Nov/2016:20:16:45 +0800] "GET /webjars/springfox-swagger-ui/lib/jquery.slideto.min.js HTTP/1.1" 200 369
0:0:0:0:0:0:0:1 - - [24/Nov/2016:20:16:45 +0800] "GET /webjars/springfox-swagger-ui/lib/jquery.wiggle.min.js HTTP/1.1" 200 762
0:0:0:0:0:0:0:1 - - [24/Nov/2016:20:16:45 +0800] "GET /webjars/springfox-swagger-ui/lib/jquery.ba-bbq.min.js HTTP/1.1" 200 4119
0:0:0:0:0:0:0:1 - - [24/Nov/2016:20:16:45 +0800] "GET /webjars/springfox-swagger-ui/lib/underscore-min.js HTTP/1.1" 200 15626
0:0:0:0:0:0:0:1 - - [24/Nov/2016:20:16:45 +0800] "GET /webjars/springfox-swagger-ui/lib/handlebars-2.0.0.js HTTP/1.1" 200 48517
0:0:0:0:0:0:0:1 - - [24/Nov/2016:20:16:45 +0800] "GET /webjars/springfox-swagger-ui/lib/backbone-min.js HTTP/1.1" 200 20390
0:0:0:0:0:0:0:1 - - [24/Nov/2016:20:16:45 +0800] "GET /webjars/springfox-swagger-ui/springfox.js HTTP/1.1" 200 1528
0:0:0:0:0:0:0:1 - - [24/Nov/2016:20:16:45 +0800] "GET /webjars/springfox-swagger-ui/lib/highlight.7.3.pack.js HTTP/1.1" 200 7499
0:0:0:0:0:0:0:1 - - [24/Nov/2016:20:16:45 +0800] "GET /webjars/springfox-swagger-ui/lib/marked.js HTTP/1.1" 200 28156
0:0:0:0:0:0:0:1 - - [24/Nov/2016:20:16:45 +0800] "GET /webjars/springfox-swagger-ui/lib/swagger-oauth.js HTTP/1.1" 200 9202
0:0:0:0:0:0:0:1 - - [24/Nov/2016:20:16:45 +0800] "GET /webjars/springfox-swagger-ui/swagger-ui.min.js HTTP/1.1" 200 368752
0:0:0:0:0:0:0:1 - - [24/Nov/2016:20:16:46 +0800] "GET /webjars/springfox-swagger-ui/images/logo_small.png HTTP/1.1" 200 770
0:0:0:0:0:0:0:1 - - [24/Nov/2016:20:16:46 +0800] "GET /webjars/springfox-swagger-ui/fonts/droid-sans-v6-latin-regular.woff2 HTTP/1.1" 200 11304
0:0:0:0:0:0:0:1 - - [24/Nov/2016:20:16:46 +0800] "GET /webjars/springfox-swagger-ui/fonts/droid-sans-v6-latin-700.woff2 HTTP/1.1" 200 11480
0:0:0:0:0:0:0:1 - - [24/Nov/2016:20:16:46 +0800] "GET /swagger-resources HTTP/1.1" 200 80
0:0:0:0:0:0:0:1 - - [24/Nov/2016:20:16:46 +0800] "GET /v2/api-docs HTTP/1.1" 200 52767
0:0:0:0:0:0:0:1 - - [24/Nov/2016:20:16:46 +0800] "GET /v2/api-docs HTTP/1.1" 200 52767
0:0:0:0:0:0:0:1 - - [24/Nov/2016:20:16:46 +0800] "GET /v2/api-docs HTTP/1.1" 200 52767
0:0:0:0:0:0:0:1 - - [24/Nov/2016:20:16:46 +0800] "GET /v2/api-docs HTTP/1.1" 200 52767
0:0:0:0:0:0:0:1 - - [24/Nov/2016:20:16:46 +0800] "GET /v2/api-docs HTTP/1.1" 200 52767
0:0:0:0:0:0:0:1 - - [24/Nov/2016:20:16:46 +0800] "GET /v2/api-docs HTTP/1.1" 200 52767
0:0:0:0:0:0:0:1 - - [24/Nov/2016:20:16:46 +0800] "GET /v2/api-docs HTTP/1.1" 200 52767
0:0:0:0:0:0:0:1 - - [24/Nov/2016:20:16:46 +0800] "GET /v2/api-docs HTTP/1.1" 200 52767
0:0:0:0:0:0:0:1 - - [24/Nov/2016:20:16:47 +0800] "GET /configuration/ui HTTP/1.1" 200 32
0:0:0:0:0:0:0:1 - - [24/Nov/2016:20:16:47 +0800] "GET /configuration/security HTTP/1.1" 200 12
0:0:0:0:0:0:0:1 - - [24/Nov/2016:20:16:55 +0800] "GET /webjars/springfox-swagger-ui/images/throbber.gif HTTP/1.1" 200 9257
0:0:0:0:0:0:0:1 - - [24/Nov/2016:20:17:37 +0800] "POST /commenturl HTTP/1.1" 200 -
0:0:0:0:0:0:0:1 - - [24/Nov/2016:20:20:50 +0800] "POST /commenturl HTTP/1.1" 500 37
0:0:0:0:0:0:0:1 - - [24/Nov/2016:20:25:10 +0800] "POST /commenturl HTTP/1.1" 500 37
0:0:0:0:0:0:0:1 - - [24/Nov/2016:20:27:46 +0800] "POST /commenturl HTTP/1.1" 500 37
0:0:0:0:0:0:0:1 - - [24/Nov/2016:20:30:56 +0800] "POST /commenturl HTTP/1.1" 500 37
0:0:0:0:0:0:0:1 - - [24/Nov/2016:20:40:30 +0800] "POST /commenturl HTTP/1.1" 500 37
0:0:0:0:0:0:0:1 - - [24/Nov/2016:20:47:31 +0800] "POST /commenturl HTTP/1.1" 500 37
0:0:0:0:0:0:0:1 - - [24/Nov/2016:20:47:46 +0800] "POST /commenturl HTTP/1.1" 500 37
0:0:0:0:0:0:0:1 - - [24/Nov/2016:20:53:14 +0800] "POST /commenturl HTTP/1.1" 500 37
0:0:0:0:0:0:0:1 - - [24/Nov/2016:20:53:21 +0800] "POST /commenturl HTTP/1.1" 500 37
0:0:0:0:0:0:0:1 - - [24/Nov/2016:20:55:57 +0800] "POST /commenturl HTTP/1.1" 500 37
0:0:0:0:0:0:0:1 - - [24/Nov/2016:20:56:11 +0800] "POST /commenturl HTTP/1.1" 500 37
